2020-07-22 23:37:58.784  INFO 9860 --- [restartedMain] com.epass.travel.EPassTravelApplication  : Starting EPassTravelApplication on DESKTOP-IS0L79U with PID 9860 (C:\Users\abhis\workspace-spring-tool-suite\EPassTravel\target\classes started by abhis in C:\Users\abhis\workspace-spring-tool-suite\EPassTravel)
2020-07-22 23:37:58.788  INFO 9860 --- [restartedMain] com.epass.travel.EPassTravelApplication  : No active profile set, falling back to default profiles: default
2020-07-22 23:37:58.849  INFO 9860 --- [restartedMain] .e.DevToolsPropertyDefaultsPostProcessor : Devtools property defaults active! Set 'spring.devtools.add-properties' to 'false' to disable
2020-07-22 23:37:58.849  INFO 9860 --- [restartedMain] .e.DevToolsPropertyDefaultsPostProcessor : For additional web related logging consider setting the 'logging.level.web' property to 'DEBUG'
2020-07-22 23:37:59.768  INFO 9860 --- [restartedMain] .s.d.r.c.RepositoryConfigurationDelegate : Bootstrapping Spring Data JPA repositories in DEFERRED mode.
2020-07-22 23:37:59.862  INFO 9860 --- [restartedMain] .s.d.r.c.RepositoryConfigurationDelegate : Finished Spring Data repository scanning in 83ms. Found 2 JPA repository interfaces.
2020-07-22 23:38:00.638  INFO 9860 --- [restartedMain] o.s.b.w.embedded.tomcat.TomcatWebServer  : Tomcat initialized with port(s): 8080 (http)
2020-07-22 23:38:00.649  INFO 9860 --- [restartedMain] o.apache.catalina.core.StandardService   : Starting service [Tomcat]
2020-07-22 23:38:00.650  INFO 9860 --- [restartedMain] org.apache.catalina.core.StandardEngine  : Starting Servlet engine: [Apache Tomcat/9.0.36]
2020-07-22 23:38:00.951  INFO 9860 --- [restartedMain] org.apache.jasper.servlet.TldScanner     : At least one JAR was scanned for TLDs yet contained no TLDs. Enable debug logging for this logger for a complete list of JARs that were scanned but no TLDs were found in them. Skipping unneeded JARs during scanning can improve startup time and JSP compilation time.
2020-07-22 23:38:00.955  INFO 9860 --- [restartedMain] o.a.c.c.C.[Tomcat].[localhost].[/]       : Initializing Spring embedded WebApplicationContext
2020-07-22 23:38:00.955  INFO 9860 --- [restartedMain] w.s.c.ServletWebServerApplicationContext : Root WebApplicationContext: initialization completed in 2104 ms
2020-07-22 23:38:01.219  INFO 9860 --- [restartedMain] o.s.s.concurrent.ThreadPoolTaskExecutor  : Initializing ExecutorService 'applicationTaskExecutor'
2020-07-22 23:38:01.276  INFO 9860 --- [task-1] o.hibernate.jpa.internal.util.LogHelper  : HHH000204: Processing PersistenceUnitInfo [name: default]
2020-07-22 23:38:01.382  INFO 9860 --- [task-1] org.hibernate.Version                    : HHH000412: Hibernate ORM core version 5.4.17.Final
2020-07-22 23:38:01.404  WARN 9860 --- [restartedMain] JpaBaseConfiguration$JpaWebConfiguration : spring.jpa.open-in-view is enabled by default. Therefore, database queries may be performed during view rendering. Explicitly configure spring.jpa.open-in-view to disable this warning
2020-07-22 23:38:01.709  INFO 9860 --- [task-1] o.hibernate.annotations.common.Version   : HCANN000001: Hibernate Commons Annotations {5.1.0.Final}
2020-07-22 23:38:01.855  INFO 9860 --- [task-1] com.zaxxer.hikari.HikariDataSource       : HikariPool-1 - Starting...
2020-07-22 23:38:02.059  INFO 9860 --- [restartedMain] o.s.b.d.a.OptionalLiveReloadServer       : LiveReload server is running on port 35729
2020-07-22 23:38:02.140  INFO 9860 --- [restartedMain] o.s.b.w.embedded.tomcat.TomcatWebServer  : Tomcat started on port(s): 8080 (http) with context path ''
2020-07-22 23:38:02.143  INFO 9860 --- [restartedMain] DeferredRepositoryInitializationListener : Triggering deferred initialization of Spring Data repositories…
2020-07-22 23:38:02.568  INFO 9860 --- [task-1] com.zaxxer.hikari.HikariDataSource       : HikariPool-1 - Start completed.
2020-07-22 23:38:02.584  INFO 9860 --- [task-1] org.hibernate.dialect.Dialect            : HHH000400: Using dialect: org.hibernate.dialect.MySQL55Dialect
2020-07-22 23:38:02.693  INFO 9860 --- [task-1] o.h.e.boot.internal.EnversServiceImpl    : Envers integration enabled? : true
2020-07-22 23:38:03.457  INFO 9860 --- [task-1] o.h.e.t.j.p.i.JtaPlatformInitiator       : HHH000490: Using JtaPlatform implementation: [org.hibernate.engine.transaction.jta.platform.internal.NoJtaPlatform]
2020-07-22 23:38:03.468  INFO 9860 --- [task-1] j.LocalContainerEntityManagerFactoryBean : Initialized JPA EntityManagerFactory for persistence unit 'default'
2020-07-22 23:38:03.797  INFO 9860 --- [restartedMain] DeferredRepositoryInitializationListener : Spring Data repositories initialized!
2020-07-22 23:38:03.808  INFO 9860 --- [restartedMain] com.epass.travel.EPassTravelApplication  : Started EPassTravelApplication in 5.491 seconds (JVM running for 6.695)
2020-07-22 23:38:32.695  INFO 9860 --- [RMI TCP Connection(2)-127.0.0.1] inMXBeanRegistrar$SpringApplicationAdmin : Application shutdown requested.
2020-07-22 23:38:32.990  INFO 9860 --- [RMI TCP Connection(2)-127.0.0.1] j.LocalContainerEntityManagerFactoryBean : Closing JPA EntityManagerFactory for persistence unit 'default'
2020-07-22 23:38:32.993  INFO 9860 --- [RMI TCP Connection(2)-127.0.0.1] o.s.s.concurrent.ThreadPoolTaskExecutor  : Shutting down ExecutorService 'applicationTaskExecutor'
2020-07-22 23:38:32.996  INFO 9860 --- [RMI TCP Connection(2)-127.0.0.1] com.zaxxer.hikari.HikariDataSource       : HikariPool-1 - Shutdown initiated...
2020-07-22 23:38:33.010  INFO 9860 --- [RMI TCP Connection(2)-127.0.0.1] com.zaxxer.hikari.HikariDataSource       : HikariPool-1 - Shutdown completed.
